[2017-07-04 19:09:20] production.ERROR: exception 'Symfony\Component\Debug\Exception\FatalErrorException' with message 'syntax error, unexpected 'protectec' (T_STRING), expecting function (T_FUNCTION)' in C:\xampp2\htdocs\siam_scribe\app\controllers\ConsultasController.php:13
Stack trace:
#0 [internal function]: Illuminate\Exception\Handler->handleShutdown()
#1 {main} [] []
[2017-07-04 19:09:20] production.ERROR: exception 'Symfony\Component\Debug\Exception\FatalErrorException' with message 'syntax error, unexpected 'protectec' (T_STRING), expecting function (T_FUNCTION)' in C:\xampp2\htdocs\siam_scribe\app\controllers\ConsultasController.php:13
Stack trace:
#0 [internal function]: Illuminate\Exception\Handler->handleShutdown()
#1 {main} [] []
[2017-07-04 19:09:50] production.ERROR: exception 'ReflectionException' with message 'Class Aspectos_ambientales does not exist' in C:\xampp2\htdocs\siam_scribe\vendor\laravel\framework\src\Illuminate\Container\Container.php:555
Stack trace:
#0 C:\xampp2\htdocs\siam_scribe\vendor\laravel\framework\src\Illuminate\Container\Container.php(555): ReflectionParameter->getClass()
#1 C:\xampp2\htdocs\siam_scribe\vendor\laravel\framework\src\Illuminate\Container\Container.php(537): Illuminate\Container\Container->getDependencies(Array, Array)
#2 C:\xampp2\htdocs\siam_scribe\vendor\laravel\framework\src\Illuminate\Container\Container.php(428): Illuminate\Container\Container->build('ConsultasContro...', Array)
#3 C:\xampp2\htdocs\siam_scribe\vendor\laravel\framework\src\Illuminate\Foundation\Application.php(462): Illuminate\Container\Container->make('ConsultasContro...', Array)
#4 C:\xampp2\htdocs\siam_scribe\vendor\laravel\framework\src\Illuminate\Routing\ControllerDispatcher.php(78): Illuminate\Foundation\Application->make('ConsultasContro...')
#5 C:\xampp2\htdocs\siam_scribe\vendor\laravel\framework\src\Illuminate\Routing\ControllerDispatcher.php(51): Illuminate\Routing\ControllerDispatcher->makeController('ConsultasContro...')
#6 C:\xampp2\htdocs\siam_scribe\vendor\laravel\framework\src\Illuminate\Routing\Router.php(967): Illuminate\Routing\ControllerDispatcher->dispatch(Object(Illuminate\Routing\Route), Object(Illuminate\Http\Request), 'ConsultasContro...', 'getAspectosAmbi...')
#7 [internal function]: Illuminate\Routing\Router->Illuminate\Routing\{closure}()
#8 C:\xampp2\htdocs\siam_scribe\vendor\laravel\framework\src\Illuminate\Routing\Route.php(109): call_user_func_array(Object(Closure), Array)
#9 C:\xampp2\htdocs\siam_scribe\vendor\laravel\framework\src\Illuminate\Routing\Router.php(1033): Illuminate\Routing\Route->run(Object(Illuminate\Http\Request))
#10 C:\xampp2\htdocs\siam_scribe\vendor\laravel\framework\src\Illuminate\Routing\Router.php(1001): Illuminate\Routing\Router->dispatchToRoute(Object(Illuminate\Http\Request))
#11 C:\xampp2\htdocs\siam_scribe\vendor\laravel\framework\src\Illuminate\Foundation\Application.php(781): Illuminate\Routing\Router->dispatch(Object(Illuminate\Http\Request))
#12 C:\xampp2\htdocs\siam_scribe\vendor\laravel\framework\src\Illuminate\Foundation\Application.php(745): Illuminate\Foundation\Application->dispatch(Object(Illuminate\Http\Request))
#13 C:\xampp2\htdocs\siam_scribe\vendor\barryvdh\laravel-debugbar\src\Middleware\Stack.php(34): Illuminate\Foundation\Application->handle(Object(Illuminate\Http\Request), 1, true)
#14 C:\xampp2\htdocs\siam_scribe\vendor\laravel\framework\src\Illuminate\Session\Middleware.php(72): Barryvdh\Debugbar\Middleware\Stack->handle(Object(Illuminate\Http\Request), 1, true)
#15 C:\xampp2\htdocs\siam_scribe\vendor\laravel\framework\src\Illuminate\Cookie\Queue.php(47): Illuminate\Session\Middleware->handle(Object(Illuminate\Http\Request), 1, true)
#16 C:\xampp2\htdocs\siam_scribe\vendor\laravel\framework\src\Illuminate\Cookie\Guard.php(51): Illuminate\Cookie\Queue->handle(Object(Illuminate\Http\Request), 1, true)
#17 C:\xampp2\htdocs\siam_scribe\vendor\stack\builder\src\Stack\StackedHttpKernel.php(23): Illuminate\Cookie\Guard->handle(Object(Illuminate\Http\Request), 1, true)
#18 C:\xampp2\htdocs\siam_scribe\vendor\laravel\framework\src\Illuminate\Foundation\Application.php(641): Stack\StackedHttpKernel->handle(Object(Illuminate\Http\Request))
#19 C:\xampp2\htdocs\siam_scribe\public\index.php(50): Illuminate\Foundation\Application->run()
#20 {main} [] []
[2017-07-04 19:09:50] production.ERROR: exception 'ReflectionException' with message 'Class Aspectos_ambientales does not exist' in C:\xampp2\htdocs\siam_scribe\vendor\laravel\framework\src\Illuminate\Container\Container.php:555
Stack trace:
#0 C:\xampp2\htdocs\siam_scribe\vendor\laravel\framework\src\Illuminate\Container\Container.php(555): ReflectionParameter->getClass()
#1 C:\xampp2\htdocs\siam_scribe\vendor\laravel\framework\src\Illuminate\Container\Container.php(537): Illuminate\Container\Container->getDependencies(Array, Array)
#2 C:\xampp2\htdocs\siam_scribe\vendor\laravel\framework\src\Illuminate\Container\Container.php(428): Illuminate\Container\Container->build('ConsultasContro...', Array)
#3 C:\xampp2\htdocs\siam_scribe\vendor\laravel\framework\src\Illuminate\Foundation\Application.php(462): Illuminate\Container\Container->make('ConsultasContro...', Array)
#4 C:\xampp2\htdocs\siam_scribe\vendor\laravel\framework\src\Illuminate\Routing\ControllerDispatcher.php(78): Illuminate\Foundation\Application->make('ConsultasContro...')
#5 C:\xampp2\htdocs\siam_scribe\vendor\laravel\framework\src\Illuminate\Routing\ControllerDispatcher.php(51): Illuminate\Routing\ControllerDispatcher->makeController('ConsultasContro...')
#6 C:\xampp2\htdocs\siam_scribe\vendor\laravel\framework\src\Illuminate\Routing\Router.php(967): Illuminate\Routing\ControllerDispatcher->dispatch(Object(Illuminate\Routing\Route), Object(Illuminate\Http\Request), 'ConsultasContro...', 'getAspectosAmbi...')
#7 [internal function]: Illuminate\Routing\Router->Illuminate\Routing\{closure}()
#8 C:\xampp2\htdocs\siam_scribe\vendor\laravel\framework\src\Illuminate\Routing\Route.php(109): call_user_func_array(Object(Closure), Array)
#9 C:\xampp2\htdocs\siam_scribe\vendor\laravel\framework\src\Illuminate\Routing\Router.php(1033): Illuminate\Routing\Route->run(Object(Illuminate\Http\Request))
#10 C:\xampp2\htdocs\siam_scribe\vendor\laravel\framework\src\Illuminate\Routing\Router.php(1001): Illuminate\Routing\Router->dispatchToRoute(Object(Illuminate\Http\Request))
#11 C:\xampp2\htdocs\siam_scribe\vendor\laravel\framework\src\Illuminate\Foundation\Application.php(781): Illuminate\Routing\Router->dispatch(Object(Illuminate\Http\Request))
#12 C:\xampp2\htdocs\siam_scribe\vendor\laravel\framework\src\Illuminate\Foundation\Application.php(745): Illuminate\Foundation\Application->dispatch(Object(Illuminate\Http\Request))
#13 C:\xampp2\htdocs\siam_scribe\vendor\barryvdh\laravel-debugbar\src\Middleware\Stack.php(34): Illuminate\Foundation\Application->handle(Object(Illuminate\Http\Request), 1, true)
#14 C:\xampp2\htdocs\siam_scribe\vendor\laravel\framework\src\Illuminate\Session\Middleware.php(72): Barryvdh\Debugbar\Middleware\Stack->handle(Object(Illuminate\Http\Request), 1, true)
#15 C:\xampp2\htdocs\siam_scribe\vendor\laravel\framework\src\Illuminate\Cookie\Queue.php(47): Illuminate\Session\Middleware->handle(Object(Illuminate\Http\Request), 1, true)
#16 C:\xampp2\htdocs\siam_scribe\vendor\laravel\framework\src\Illuminate\Cookie\Guard.php(51): Illuminate\Cookie\Queue->handle(Object(Illuminate\Http\Request), 1, true)
#17 C:\xampp2\htdocs\siam_scribe\vendor\stack\builder\src\Stack\StackedHttpKernel.php(23): Illuminate\Cookie\Guard->handle(Object(Illuminate\Http\Request), 1, true)
#18 C:\xampp2\htdocs\siam_scribe\vendor\laravel\framework\src\Illuminate\Foundation\Application.php(641): Stack\StackedHttpKernel->handle(Object(Illuminate\Http\Request))
#19 C:\xampp2\htdocs\siam_scribe\public\index.php(50): Illuminate\Foundation\Application->run()
#20 {main} [] []
[2017-07-04 19:32:11] production.ERROR: exception 'PDOException' with message 'SQLSTATE[42S22]: Column not found: 1054 Unknown column 'imp_potencial' in 'where clause'' in C:\xampp2\htdocs\siam_scribe\vendor\laravel\framework\src\Illuminate\Database\Connection.php:299
Stack trace:
#0 C:\xampp2\htdocs\siam_scribe\vendor\laravel\framework\src\Illuminate\Database\Connection.php(299): PDO->prepare('select * from `...')
#1 C:\xampp2\htdocs\siam_scribe\vendor\laravel\framework\src\Illuminate\Database\Connection.php(623): Illuminate\Database\Connection->Illuminate\Database\{closure}(Object(Illuminate\Database\MySqlConnection), 'select * from `...', Array)
#2 C:\xampp2\htdocs\siam_scribe\vendor\laravel\framework\src\Illuminate\Database\Connection.php(587): Illuminate\Database\Connection->runQueryCallback('select * from `...', Array, Object(Closure))
#3 C:\xampp2\htdocs\siam_scribe\vendor\laravel\framework\src\Illuminate\Database\Connection.php(304): Illuminate\Database\Connection->run('select * from `...', Array, Object(Closure))
#4 C:\xampp2\htdocs\siam_scribe\vendor\laravel\framework\src\Illuminate\Database\Query\Builder.php(1412): Illuminate\Database\Connection->select('select * from `...', Array)
#5 C:\xampp2\htdocs\siam_scribe\vendor\laravel\framework\src\Illuminate\Database\Query\Builder.php(1397): Illuminate\Database\Query\Builder->runSelect()
#6 C:\xampp2\htdocs\siam_scribe\vendor\laravel\framework\src\Illuminate\Database\Query\Builder.php(1384): Illuminate\Database\Query\Builder->getFresh(Array)
#7 C:\xampp2\htdocs\siam_scribe\vendor\laravel\framework\src\Illuminate\Database\Eloquent\Builder.php(411): Illuminate\Database\Query\Builder->get(Array)
#8 C:\xampp2\htdocs\siam_scribe\vendor\laravel\framework\src\Illuminate\Database\Eloquent\Builder.php(151): Illuminate\Database\Eloquent\Builder->getModels(Array)
#9 C:\xampp2\htdocs\siam_scribe\app\controllers\ConsultasController.php(677): Illuminate\Database\Eloquent\Builder->get()
#10 [internal function]: ConsultasController->postAspectosAmbientales()
#11 C:\xampp2\htdocs\siam_scribe\vendor\laravel\framework\src\Illuminate\Routing\Controller.php(231): call_user_func_array(Array, Array)
#12 C:\xampp2\htdocs\siam_scribe\vendor\laravel\framework\src\Illuminate\Routing\ControllerDispatcher.php(93): Illuminate\Routing\Controller->callAction('postAspectosAmb...', Array)
#13 C:\xampp2\htdocs\siam_scribe\vendor\laravel\framework\src\Illuminate\Routing\ControllerDispatcher.php(62): Illuminate\Routing\ControllerDispatcher->call(Object(ConsultasController), Object(Illuminate\Routing\Route), 'postAspectosAmb...')
#14 C:\xampp2\htdocs\siam_scribe\vendor\laravel\framework\src\Illuminate\Routing\Router.php(967): Illuminate\Routing\ControllerDispatcher->dispatch(Object(Illuminate\Routing\Route), Object(Illuminate\Http\Request), 'ConsultasContro...', 'postAspectosAmb...')
#15 [internal function]: Illuminate\Routing\Router->Illuminate\Routing\{closure}()
#16 C:\xampp2\htdocs\siam_scribe\vendor\laravel\framework\src\Illuminate\Routing\Route.php(109): call_user_func_array(Object(Closure), Array)
#17 C:\xampp2\htdocs\siam_scribe\vendor\laravel\framework\src\Illuminate\Routing\Router.php(1033): Illuminate\Routing\Route->run(Object(Illuminate\Http\Request))
#18 C:\xampp2\htdocs\siam_scribe\vendor\laravel\framework\src\Illuminate\Routing\Router.php(1001): Illuminate\Routing\Router->dispatchToRoute(Object(Illuminate\Http\Request))
#19 C:\xampp2\htdocs\siam_scribe\vendor\laravel\framework\src\Illuminate\Foundation\Application.php(781): Illuminate\Routing\Router->dispatch(Object(Illuminate\Http\Request))
#20 C:\xampp2\htdocs\siam_scribe\vendor\laravel\framework\src\Illuminate\Foundation\Application.php(745): Illuminate\Foundation\Application->dispatch(Object(Illuminate\Http\Request))
#21 C:\xampp2\htdocs\siam_scribe\vendor\barryvdh\laravel-debugbar\src\Middleware\Stack.php(34): Illuminate\Foundation\Application->handle(Object(Illuminate\Http\Request), 1, true)
#22 C:\xampp2\htdocs\siam_scribe\vendor\laravel\framework\src\Illuminate\Session\Middleware.php(72): Barryvdh\Debugbar\Middleware\Stack->handle(Object(Illuminate\Http\Request), 1, true)
#23 C:\xampp2\htdocs\siam_scribe\vendor\laravel\framework\src\Illuminate\Cookie\Queue.php(47): Illuminate\Session\Middleware->handle(Object(Illuminate\Http\Request), 1, true)
#24 C:\xampp2\htdocs\siam_scribe\vendor\laravel\framework\src\Illuminate\Cookie\Guard.php(51): Illuminate\Cookie\Queue->handle(Object(Illuminate\Http\Request), 1, true)
#25 C:\xampp2\htdocs\siam_scribe\vendor\stack\builder\src\Stack\StackedHttpKernel.php(23): Illuminate\Cookie\Guard->handle(Object(Illuminate\Http\Request), 1, true)
#26 C:\xampp2\htdocs\siam_scribe\vendor\laravel\framework\src\Illuminate\Foundation\Application.php(641): Stack\StackedHttpKernel->handle(Object(Illuminate\Http\Request))
#27 C:\xampp2\htdocs\siam_scribe\public\index.php(50): Illuminate\Foundation\Application->run()
#28 {main}

Next exception 'Illuminate\Database\QueryException' with message 'SQLSTATE[42S22]: Column not found: 1054 Unknown column 'imp_potencial' in 'where clause' (SQL: select * from `aspectos_ambientales` where `aspectos_ambientales`.`deleted_at` is null and `cia_id` between 1 and 3 and `proceso_id` between 1 and 1 and `area_id` between 1 and 1 and `imp_real_id` between 1 and 4 and `imp_potencial` between 1 and 4)' in C:\xampp2\htdocs\siam_scribe\vendor\laravel\framework\src\Illuminate\Database\Connection.php:631
Stack trace:
#0 C:\xampp2\htdocs\siam_scribe\vendor\laravel\framework\src\Illuminate\Database\Connection.php(587): Illuminate\Database\Connection->runQueryCallback('select * from `...', Array, Object(Closure))
#1 C:\xampp2\htdocs\siam_scribe\vendor\laravel\framework\src\Illuminate\Database\Connection.php(304): Illuminate\Database\Connection->run('select * from `...', Array, Object(Closure))
#2 C:\xampp2\htdocs\siam_scribe\vendor\laravel\framework\src\Illuminate\Database\Query\Builder.php(1412): Illuminate\Database\Connection->select('select * from `...', Array)
#3 C:\xampp2\htdocs\siam_scribe\vendor\laravel\framework\src\Illuminate\Database\Query\Builder.php(1397): Illuminate\Database\Query\Builder->runSelect()
#4 C:\xampp2\htdocs\siam_scribe\vendor\laravel\framework\src\Illuminate\Database\Query\Builder.php(1384): Illuminate\Database\Query\Builder->getFresh(Array)
#5 C:\xampp2\htdocs\siam_scribe\vendor\laravel\framework\src\Illuminate\Database\Eloquent\Builder.php(411): Illuminate\Database\Query\Builder->get(Array)
#6 C:\xampp2\htdocs\siam_scribe\vendor\laravel\framework\src\Illuminate\Database\Eloquent\Builder.php(151): Illuminate\Database\Eloquent\Builder->getModels(Array)
#7 C:\xampp2\htdocs\siam_scribe\app\controllers\ConsultasController.php(677): Illuminate\Database\Eloquent\Builder->get()
#8 [internal function]: ConsultasController->postAspectosAmbientales()
#9 C:\xampp2\htdocs\siam_scribe\vendor\laravel\framework\src\Illuminate\Routing\Controller.php(231): call_user_func_array(Array, Array)
#10 C:\xampp2\htdocs\siam_scribe\vendor\laravel\framework\src\Illuminate\Routing\ControllerDispatcher.php(93): Illuminate\Routing\Controller->callAction('postAspectosAmb...', Array)
#11 C:\xampp2\htdocs\siam_scribe\vendor\laravel\framework\src\Illuminate\Routing\ControllerDispatcher.php(62): Illuminate\Routing\ControllerDispatcher->call(Object(ConsultasController), Object(Illuminate\Routing\Route), 'postAspectosAmb...')
#12 C:\xampp2\htdocs\siam_scribe\vendor\laravel\framework\src\Illuminate\Routing\Router.php(967): Illuminate\Routing\ControllerDispatcher->dispatch(Object(Illuminate\Routing\Route), Object(Illuminate\Http\Request), 'ConsultasContro...', 'postAspectosAmb...')
#13 [internal function]: Illuminate\Routing\Router->Illuminate\Routing\{closure}()
#14 C:\xampp2\htdocs\siam_scribe\vendor\laravel\framework\src\Illuminate\Routing\Route.php(109): call_user_func_array(Object(Closure), Array)
#15 C:\xampp2\htdocs\siam_scribe\vendor\laravel\framework\src\Illuminate\Routing\Router.php(1033): Illuminate\Routing\Route->run(Object(Illuminate\Http\Request))
#16 C:\xampp2\htdocs\siam_scribe\vendor\laravel\framework\src\Illuminate\Routing\Router.php(1001): Illuminate\Routing\Router->dispatchToRoute(Object(Illuminate\Http\Request))
#17 C:\xampp2\htdocs\siam_scribe\vendor\laravel\framework\src\Illuminate\Foundation\Application.php(781): Illuminate\Routing\Router->dispatch(Object(Illuminate\Http\Request))
#18 C:\xampp2\htdocs\siam_scribe\vendor\laravel\framework\src\Illuminate\Foundation\Application.php(745): Illuminate\Foundation\Application->dispatch(Object(Illuminate\Http\Request))
#19 C:\xampp2\htdocs\siam_scribe\vendor\barryvdh\laravel-debugbar\src\Middleware\Stack.php(34): Illuminate\Foundation\Application->handle(Object(Illuminate\Http\Request), 1, true)
#20 C:\xampp2\htdocs\siam_scribe\vendor\laravel\framework\src\Illuminate\Session\Middleware.php(72): Barryvdh\Debugbar\Middleware\Stack->handle(Object(Illuminate\Http\Request), 1, true)
#21 C:\xampp2\htdocs\siam_scribe\vendor\laravel\framework\src\Illuminate\Cookie\Queue.php(47): Illuminate\Session\Middleware->handle(Object(Illuminate\Http\Request), 1, true)
#22 C:\xampp2\htdocs\siam_scribe\vendor\laravel\framework\src\Illuminate\Cookie\Guard.php(51): Illuminate\Cookie\Queue->handle(Object(Illuminate\Http\Request), 1, true)
#23 C:\xampp2\htdocs\siam_scribe\vendor\stack\builder\src\Stack\StackedHttpKernel.php(23): Illuminate\Cookie\Guard->handle(Object(Illuminate\Http\Request), 1, true)
#24 C:\xampp2\htdocs\siam_scribe\vendor\laravel\framework\src\Illuminate\Foundation\Application.php(641): Stack\StackedHttpKernel->handle(Object(Illuminate\Http\Request))
#25 C:\xampp2\htdocs\siam_scribe\public\index.php(50): Illuminate\Foundation\Application->run()
#26 {main} [] []
[2017-07-04 19:33:16] production.ERROR: exception 'ErrorException' with message 'Trying to get property of non-object' in C:\xampp2\htdocs\siam_scribe\app\storage\views\5dfd35edd216f4f7fb9a8f4c78509dc6:87
Stack trace:
#0 C:\xampp2\htdocs\siam_scribe\app\storage\views\5dfd35edd216f4f7fb9a8f4c78509dc6(87): Illuminate\Exception\Handler->handleError(8, 'Trying to get p...', 'C:\\xampp2\\htdoc...', 87, Array)
#1 C:\xampp2\htdocs\siam_scribe\vendor\laravel\framework\src\Illuminate\View\Engines\PhpEngine.php(37): include('C:\\xampp2\\htdoc...')
#2 C:\xampp2\htdocs\siam_scribe\vendor\laravel\framework\src\Illuminate\View\Engines\CompilerEngine.php(57): Illuminate\View\Engines\PhpEngine->evaluatePath('C:\\xampp2\\htdoc...', Array)
#3 C:\xampp2\htdocs\siam_scribe\vendor\laravel\framework\src\Illuminate\View\View.php(140): Illuminate\View\Engines\CompilerEngine->get('C:\\xampp2\\htdoc...', Array)
#4 C:\xampp2\htdocs\siam_scribe\vendor\laravel\framework\src\Illuminate\View\View.php(109): Illuminate\View\View->getContents()
#5 C:\xampp2\htdocs\siam_scribe\vendor\laravel\framework\src\Illuminate\View\View.php(78): Illuminate\View\View->renderContents()
#6 C:\xampp2\htdocs\siam_scribe\vendor\barryvdh\laravel-dompdf\src\PDF.php(145): Illuminate\View\View->render()
#7 C:\xampp2\htdocs\siam_scribe\vendor\barryvdh\laravel-dompdf\src\Facade.php(31): Barryvdh\DomPDF\PDF->loadView('consultas.aspec...', Array)
#8 C:\xampp2\htdocs\siam_scribe\app\controllers\ConsultasController.php(711): Barryvdh\DomPDF\Facade::__callStatic('loadView', Array)
#9 C:\xampp2\htdocs\siam_scribe\app\controllers\ConsultasController.php(711): Barryvdh\DomPDF\Facade::loadView('consultas.aspec...', Array)
#10 [internal function]: ConsultasController->postAspectosAmbientales()
#11 C:\xampp2\htdocs\siam_scribe\vendor\laravel\framework\src\Illuminate\Routing\Controller.php(231): call_user_func_array(Array, Array)
#12 C:\xampp2\htdocs\siam_scribe\vendor\laravel\framework\src\Illuminate\Routing\ControllerDispatcher.php(93): Illuminate\Routing\Controller->callAction('postAspectosAmb...', Array)
#13 C:\xampp2\htdocs\siam_scribe\vendor\laravel\framework\src\Illuminate\Routing\ControllerDispatcher.php(62): Illuminate\Routing\ControllerDispatcher->call(Object(ConsultasController), Object(Illuminate\Routing\Route), 'postAspectosAmb...')
#14 C:\xampp2\htdocs\siam_scribe\vendor\laravel\framework\src\Illuminate\Routing\Router.php(967): Illuminate\Routing\ControllerDispatcher->dispatch(Object(Illuminate\Routing\Route), Object(Illuminate\Http\Request), 'ConsultasContro...', 'postAspectosAmb...')
#15 [internal function]: Illuminate\Routing\Router->Illuminate\Routing\{closure}()
#16 C:\xampp2\htdocs\siam_scribe\vendor\laravel\framework\src\Illuminate\Routing\Route.php(109): call_user_func_array(Object(Closure), Array)
#17 C:\xampp2\htdocs\siam_scribe\vendor\laravel\framework\src\Illuminate\Routing\Router.php(1033): Illuminate\Routing\Route->run(Object(Illuminate\Http\Request))
#18 C:\xampp2\htdocs\siam_scribe\vendor\laravel\framework\src\Illuminate\Routing\Router.php(1001): Illuminate\Routing\Router->dispatchToRoute(Object(Illuminate\Http\Request))
#19 C:\xampp2\htdocs\siam_scribe\vendor\laravel\framework\src\Illuminate\Foundation\Application.php(781): Illuminate\Routing\Router->dispatch(Object(Illuminate\Http\Request))
#20 C:\xampp2\htdocs\siam_scribe\vendor\laravel\framework\src\Illuminate\Foundation\Application.php(745): Illuminate\Foundation\Application->dispatch(Object(Illuminate\Http\Request))
#21 C:\xampp2\htdocs\siam_scribe\vendor\barryvdh\laravel-debugbar\src\Middleware\Stack.php(34): Illuminate\Foundation\Application->handle(Object(Illuminate\Http\Request), 1, true)
#22 C:\xampp2\htdocs\siam_scribe\vendor\laravel\framework\src\Illuminate\Session\Middleware.php(72): Barryvdh\Debugbar\Middleware\Stack->handle(Object(Illuminate\Http\Request), 1, true)
#23 C:\xampp2\htdocs\siam_scribe\vendor\laravel\framework\src\Illuminate\Cookie\Queue.php(47): Illuminate\Session\Middleware->handle(Object(Illuminate\Http\Request), 1, true)
#24 C:\xampp2\htdocs\siam_scribe\vendor\laravel\framework\src\Illuminate\Cookie\Guard.php(51): Illuminate\Cookie\Queue->handle(Object(Illuminate\Http\Request), 1, true)
#25 C:\xampp2\htdocs\siam_scribe\vendor\stack\builder\src\Stack\StackedHttpKernel.php(23): Illuminate\Cookie\Guard->handle(Object(Illuminate\Http\Request), 1, true)
#26 C:\xampp2\htdocs\siam_scribe\vendor\laravel\framework\src\Illuminate\Foundation\Application.php(641): Stack\StackedHttpKernel->handle(Object(Illuminate\Http\Request))
#27 C:\xampp2\htdocs\siam_scribe\public\index.php(50): Illuminate\Foundation\Application->run()
#28 {main}

Next exception 'ErrorException' with message 'Trying to get property of non-object (View: C:\xampp2\htdocs\siam_scribe\app\views\consultas\aspectosAmbientalesr.blade.php)' in C:\xampp2\htdocs\siam_scribe\app\storage\views\5dfd35edd216f4f7fb9a8f4c78509dc6:87
Stack trace:
#0 C:\xampp2\htdocs\siam_scribe\vendor\laravel\framework\src\Illuminate\View\Engines\PhpEngine.php(41): Illuminate\View\Engines\CompilerEngine->handleViewException(Object(ErrorException), 1)
#1 C:\xampp2\htdocs\siam_scribe\vendor\laravel\framework\src\Illuminate\View\Engines\CompilerEngine.php(57): Illuminate\View\Engines\PhpEngine->evaluatePath('C:\\xampp2\\htdoc...', Array)
#2 C:\xampp2\htdocs\siam_scribe\vendor\laravel\framework\src\Illuminate\View\View.php(140): Illuminate\View\Engines\CompilerEngine->get('C:\\xampp2\\htdoc...', Array)
#3 C:\xampp2\htdocs\siam_scribe\vendor\laravel\framework\src\Illuminate\View\View.php(109): Illuminate\View\View->getContents()
#4 C:\xampp2\htdocs\siam_scribe\vendor\laravel\framework\src\Illuminate\View\View.php(78): Illuminate\View\View->renderContents()
#5 C:\xampp2\htdocs\siam_scribe\vendor\barryvdh\laravel-dompdf\src\PDF.php(145): Illuminate\View\View->render()
#6 C:\xampp2\htdocs\siam_scribe\vendor\barryvdh\laravel-dompdf\src\Facade.php(31): Barryvdh\DomPDF\PDF->loadView('consultas.aspec...', Array)
#7 C:\xampp2\htdocs\siam_scribe\app\controllers\ConsultasController.php(711): Barryvdh\DomPDF\Facade::__callStatic('loadView', Array)
#8 C:\xampp2\htdocs\siam_scribe\app\controllers\ConsultasController.php(711): Barryvdh\DomPDF\Facade::loadView('consultas.aspec...', Array)
#9 [internal function]: ConsultasController->postAspectosAmbientales()
#10 C:\xampp2\htdocs\siam_scribe\vendor\laravel\framework\src\Illuminate\Routing\Controller.php(231): call_user_func_array(Array, Array)
#11 C:\xampp2\htdocs\siam_scribe\vendor\laravel\framework\src\Illuminate\Routing\ControllerDispatcher.php(93): Illuminate\Routing\Controller->callAction('postAspectosAmb...', Array)
#12 C:\xampp2\htdocs\siam_scribe\vendor\laravel\framework\src\Illuminate\Routing\ControllerDispatcher.php(62): Illuminate\Routing\ControllerDispatcher->call(Object(ConsultasController), Object(Illuminate\Routing\Route), 'postAspectosAmb...')
#13 C:\xampp2\htdocs\siam_scribe\vendor\laravel\framework\src\Illuminate\Routing\Router.php(967): Illuminate\Routing\ControllerDispatcher->dispatch(Object(Illuminate\Routing\Route), Object(Illuminate\Http\Request), 'ConsultasContro...', 'postAspectosAmb...')
#14 [internal function]: Illuminate\Routing\Router->Illuminate\Routing\{closure}()
#15 C:\xampp2\htdocs\siam_scribe\vendor\laravel\framework\src\Illuminate\Routing\Route.php(109): call_user_func_array(Object(Closure), Array)
#16 C:\xampp2\htdocs\siam_scribe\vendor\laravel\framework\src\Illuminate\Routing\Router.php(1033): Illuminate\Routing\Route->run(Object(Illuminate\Http\Request))
#17 C:\xampp2\htdocs\siam_scribe\vendor\laravel\framework\src\Illuminate\Routing\Router.php(1001): Illuminate\Routing\Router->dispatchToRoute(Object(Illuminate\Http\Request))
#18 C:\xampp2\htdocs\siam_scribe\vendor\laravel\framework\src\Illuminate\Foundation\Application.php(781): Illuminate\Routing\Router->dispatch(Object(Illuminate\Http\Request))
#19 C:\xampp2\htdocs\siam_scribe\vendor\laravel\framework\src\Illuminate\Foundation\Application.php(745): Illuminate\Foundation\Application->dispatch(Object(Illuminate\Http\Request))
#20 C:\xampp2\htdocs\siam_scribe\vendor\barryvdh\laravel-debugbar\src\Middleware\Stack.php(34): Illuminate\Foundation\Application->handle(Object(Illuminate\Http\Request), 1, true)
#21 C:\xampp2\htdocs\siam_scribe\vendor\laravel\framework\src\Illuminate\Session\Middleware.php(72): Barryvdh\Debugbar\Middleware\Stack->handle(Object(Illuminate\Http\Request), 1, true)
#22 C:\xampp2\htdocs\siam_scribe\vendor\laravel\framework\src\Illuminate\Cookie\Queue.php(47): Illuminate\Session\Middleware->handle(Object(Illuminate\Http\Request), 1, true)
#23 C:\xampp2\htdocs\siam_scribe\vendor\laravel\framework\src\Illuminate\Cookie\Guard.php(51): Illuminate\Cookie\Queue->handle(Object(Illuminate\Http\Request), 1, true)
#24 C:\xampp2\htdocs\siam_scribe\vendor\stack\builder\src\Stack\StackedHttpKernel.php(23): Illuminate\Cookie\Guard->handle(Object(Illuminate\Http\Request), 1, true)
#25 C:\xampp2\htdocs\siam_scribe\vendor\laravel\framework\src\Illuminate\Foundation\Application.php(641): Stack\StackedHttpKernel->handle(Object(Illuminate\Http\Request))
#26 C:\xampp2\htdocs\siam_scribe\public\index.php(50): Illuminate\Foundation\Application->run()
#27 {main} [] []
